1558906735040	mozrunner::runner	INFO	Running command: "/usr/bin/firefox" "-marionette" "--disable-notifications" "--no-sandbox" "--verbose" "--disable-gpu" "--disable-software-rasterizer" "--log-level=3" "--hide-scrollbars" "-foreground" "-no-remote" "-profile" "/tmp/rust_mozprofile.nPkyIa5flWhG"
1558906735313	addons.webextension.screenshots@mozilla.org	WARN	Loading extension 'screenshots@mozilla.org': Reading manifest: Invalid extension permission: mozillaAddons
1558906735313	addons.webextension.screenshots@mozilla.org	WARN	Loading extension 'screenshots@mozilla.org': Reading manifest: Invalid extension permission: resource://pdf.js/
1558906735313	addons.webextension.screenshots@mozilla.org	WARN	Loading extension 'screenshots@mozilla.org': Reading manifest: Invalid extension permission: about:reader*
1558906737938	Marionette	INFO	Listening on port 36959
1558906737953	Marionette	WARN	TLS certificate errors will be ignored for this session
console.error: BroadcastService: 
  receivedBroadcastMessage: handler for
  remote-settings/monitor_changes
  threw error:
  Message: Error: Polling for changes failed: http://%(server)s/dummy/blocklist//buckets/monitor/collections/changes/records?_expected=%221558742407364%22 is not a valid URL..
  Stack:
    remoteSettingsFunction/remoteSettings.pollChanges@resource://services-settings/remote-settings.js:203:13

1558907241787	mozrunner::runner	INFO	Running command: "/usr/bin/firefox" "-marionette" "--disable-notifications" "--no-sandbox" "--verbose" "--disable-gpu" "--disable-software-rasterizer" "--log-level=3" "--hide-scrollbars" "-foreground" "-no-remote" "-profile" "/tmp/rust_mozprofile.TjYTy0CmXh9o"
1558907242796	addons.webextension.screenshots@mozilla.org	WARN	Loading extension 'screenshots@mozilla.org': Reading manifest: Invalid extension permission: mozillaAddons
1558907242796	addons.webextension.screenshots@mozilla.org	WARN	Loading extension 'screenshots@mozilla.org': Reading manifest: Invalid extension permission: resource://pdf.js/
1558907242796	addons.webextension.screenshots@mozilla.org	WARN	Loading extension 'screenshots@mozilla.org': Reading manifest: Invalid extension permission: about:reader*
1558907246055	Marionette	INFO	Listening on port 39189
1558907246136	Marionette	WARN	TLS certificate errors will be ignored for this session
[Parent 12041, Gecko_IOThread] WARNING: pipe error (79): Connection reset by peer: file /build/firefox-xkwMhH/firefox-67.0+build2/ipc/chromium/src/chrome/common/ipc_channel_posix.cc, line 357
1558907270934	Marionette	INFO	Stopped listening on port 36959
Exiting due to channel error.
Exiting due to channel error.
Exiting due to channel error.
1558907289091	mozrunner::runner	INFO	Running command: "/usr/bin/firefox" "-marionette" "--disable-notifications" "--no-sandbox" "--verbose" "--disable-gpu" "--disable-software-rasterizer" "--log-level=3" "--hide-scrollbars" "-foreground" "-no-remote" "-profile" "/tmp/rust_mozprofile.caCtEeFOz7s2"
1558907289367	addons.webextension.screenshots@mozilla.org	WARN	Loading extension 'screenshots@mozilla.org': Reading manifest: Invalid extension permission: mozillaAddons
1558907289368	addons.webextension.screenshots@mozilla.org	WARN	Loading extension 'screenshots@mozilla.org': Reading manifest: Invalid extension permission: resource://pdf.js/
1558907289368	addons.webextension.screenshots@mozilla.org	WARN	Loading extension 'screenshots@mozilla.org': Reading manifest: Invalid extension permission: about:reader*
1558907292599	Marionette	INFO	Listening on port 36593
1558907292606	Marionette	WARN	TLS certificate errors will be ignored for this session
[Parent 12987, Gecko_IOThread] WARNING: pipe error (96): Connection reset by peer: file /build/firefox-xkwMhH/firefox-67.0+build2/ipc/chromium/src/chrome/common/ipc_channel_posix.cc, line 357
[Parent 12987, Gecko_IOThread] WARNING: pipe error (79): Connection reset by peer: file /build/firefox-xkwMhH/firefox-67.0+build2/ipc/chromium/src/chrome/common/ipc_channel_posix.cc, line 357
1558907352284	Marionette	INFO	Stopped listening on port 36593
1558907679934	mozrunner::runner	INFO	Running command: "/usr/bin/firefox" "-marionette" "--disable-notifications" "--no-sandbox" "--verbose" "--disable-gpu" "--disable-software-rasterizer" "--log-level=3" "--hide-scrollbars" "-foreground" "-no-remote" "-profile" "/tmp/rust_mozprofile.O8MUx7VovqEo"
1558907680227	addons.webextension.screenshots@mozilla.org	WARN	Loading extension 'screenshots@mozilla.org': Reading manifest: Invalid extension permission: mozillaAddons
1558907680228	addons.webextension.screenshots@mozilla.org	WARN	Loading extension 'screenshots@mozilla.org': Reading manifest: Invalid extension permission: resource://pdf.js/
1558907680228	addons.webextension.screenshots@mozilla.org	WARN	Loading extension 'screenshots@mozilla.org': Reading manifest: Invalid extension permission: about:reader*
1558907683422	Marionette	INFO	Listening on port 33191
1558907683447	Marionette	WARN	TLS certificate errors will be ignored for this session
console.error: BroadcastService: 
  receivedBroadcastMessage: handler for
  remote-settings/monitor_changes
  threw error:
  Message: Error: Polling for changes failed: http://%(server)s/dummy/blocklist//buckets/monitor/collections/changes/records?_expected=%221558742407364%22 is not a valid URL..
  Stack:
    remoteSettingsFunction/remoteSettings.pollChanges@resource://services-settings/remote-settings.js:203:13

[Parent 13536, Gecko_IOThread] WARNING: pipe error (79): Connection reset by peer: file /build/firefox-xkwMhH/firefox-67.0+build2/ipc/chromium/src/chrome/common/ipc_channel_posix.cc, line 357
[Parent 13536, Gecko_IOThread] WARNING: pipe error (71): Connection reset by peer: file /build/firefox-xkwMhH/firefox-67.0+build2/ipc/chromium/src/chrome/common/ipc_channel_posix.cc, line 357
1558907749160	Marionette	INFO	Stopped listening on port 33191
